2021-01-25 01:11:42.122 AlsaRecord - update: starting arecord process on PCH
2021-01-25 01:11:42.205 InputDevs - devloop: start reading: /dev/input/event0
2021-01-25 01:11:42.206 InputDevs - devloop: start reading: /dev/input/event3
2021-01-25 01:11:42.206 InputDevs - devloop: start reading: /dev/input/event2
2021-01-25 01:11:42.206 InputDevs - devloop: start reading: /dev/input/event4
2021-01-25 01:11:42.207 InputDevs - devloop: start reading: /dev/input/event5
2021-01-25 01:11:42.207 InputDevs - devloop: start reading: /dev/input/event8
2021-01-25 01:11:42.208 InputDevs - devloop: start reading: /dev/input/event9
2021-01-25 01:11:42.208 InputDevs - devloop: start reading: /dev/input/event6
2021-01-25 01:11:42.208 InputDevs - devloop: start reading: /dev/input/event10
2021-01-25 01:11:42.209 InputDevs - devloop: start reading: /dev/input/event16
2021-01-25 01:11:42.209 InputDevs - devloop: start reading: /dev/input/event19
2021-01-25 01:11:42.209 InputDevs - devloop: start reading: /dev/input/event20
2021-01-25 01:11:42.210 Appearance - __init__: add to possible_devs: dev/19000000050000/thread
2021-01-25 01:11:42.210 Appearance - __init__: add to dev interrupt: dev/19000000050000/thread
2021-01-25 01:11:42.210 Appearance - __init__: add to possible_devs: dev/19000000010000/thread
2021-01-25 01:11:42.210 Appearance - __init__: add to dev interrupt: dev/19000000010000/thread
2021-01-25 01:11:42.210 Appearance - __init__: add to possible_devs: dev/19000000030000/thread
2021-01-25 01:11:42.211 Appearance - __init__: add to dev interrupt: dev/19000000030000/thread
2021-01-25 01:11:42.211 Appearance - __init__: add to possible_devs: dev/110001000141/thread
2021-01-25 01:11:42.211 Appearance - __init__: add to dev interrupt: dev/110001000141/thread
2021-01-25 01:11:42.211 Appearance - __init__: add to possible_devs: dev/19000000060000/thread
2021-01-25 01:11:42.211 Appearance - __init__: add to dev interrupt: dev/19000000060000/thread
2021-01-25 01:11:42.211 Appearance - __init__: add to possible_devs: dev/304640230111/thread
2021-01-25 01:11:42.211 Appearance - __init__: add to dev interrupt: dev/304640230111/thread
2021-01-25 01:11:42.211 Appearance - __init__: add to possible_devs: dev/304640540111/thread
2021-01-25 01:11:42.211 Appearance - __init__: add to dev interrupt: dev/304640540111/thread
2021-01-25 01:11:42.211 Appearance - __init__: add to possible_devs: dev/19000000000000/thread
2021-01-25 01:11:42.211 Appearance - __init__: add to dev interrupt: dev/19000000000000/thread
2021-01-25 01:11:42.211 Appearance - __init__: add to possible_devs: dev/1806760100/thread
2021-01-25 01:11:42.211 Appearance - __init__: add to dev interrupt: dev/1806760100/thread
2021-01-25 01:11:42.211 Appearance - __init__: add to possible_devs: dev/0/thread
2021-01-25 01:11:42.211 Appearance - __init__: add to dev interrupt: dev/0/thread
2021-01-25 01:11:42.211 Appearance - __init__: add to possible_devs: dev/30432000110/thread
2021-01-25 01:11:42.211 Appearance - __init__: add to dev interrupt: dev/30432000110/thread
2021-01-25 01:11:42.211 Appearance - __init__: add to possible_devs: dev/30456704725/thread
2021-01-25 01:11:42.211 Appearance - __init__: add to dev interrupt: dev/30456704725/thread
2021-01-25 01:11:42.216 ModuleManager - __init__: Initiating Logic:Shutter:local
2021-01-25 01:11:42.219 ModuleManager - __init__: Initiating Logic:Thermostat:loca
2021-01-25 01:11:42.219 ModuleManager - __init__: 'Thermostat' object has no attribute 'get_inputs'
2021-01-25 01:11:42.219 ModuleManager - __init__: Initiating Logic:Thermostat:local2
2021-01-25 01:11:42.219 ModuleManager - __init__: 'Thermostat' object has no attribute 'get_inputs'
2021-01-25 01:11:42.227 ModuleManager - __init__: Initiating Info:Weather:Panketal
2021-01-25 01:11:42.228 ModuleManager - __init__: Initiating Info:Weather:Bernau
2021-01-25 01:11:42.231 ModuleManager - __init__: Initiating UI:ShowValue:test2
2021-01-25 01:11:42.231 ModuleManager - __init__: 'ShowValue' object has no attribute 'get_inputs'
2021-01-25 01:11:42.231 ModuleManager - __init__: Initiating UI:ShowValue:test
2021-01-25 01:11:42.231 ModuleManager - __init__: 'ShowValue' object has no attribute 'get_inputs'
2021-01-25 01:11:42.232 ModuleManager - __init__: Initiating UI:MultiShutter:Zentral
2021-01-25 01:11:42.232 ModuleManager - __init__: 'MultiShutter' object has no attribute 'get_inputs'
2021-01-25 01:11:42.237 ModuleManager - __init__: Initiating Connections:HTTP:test
2021-01-25 01:11:42.240 HTTPServer - do_GET: request finished in:  0.0005896091461181641 seconds
2021-01-25 01:11:42.699 main - qml_error: file:///home/dell/SHPI/qml/screensaver/Screensaver.qml:48:9: QML Connections: Implicitly defined onFoo properties in Connections are deprecated. Use this syntax instead: function onFoo(<arguments>) { ... } (file:///home/dell/SHPI/qml/screensaver/Screensaver.qml:48, file:///home/dell/SHPI/qml/screensaver/Screensaver.qml)
2021-01-25 01:11:42.954 main - qml_error: file:///home/dell/SHPI/qml/weather/WeatherDays.qml:85:5: QML Connections: Implicitly defined onFoo properties in Connections are deprecated. Use this syntax instead: function onFoo(<arguments>) { ... } (file:///home/dell/SHPI/qml/weather/WeatherDays.qml:85, file:///home/dell/SHPI/qml/weather/WeatherDays.qml)
2021-01-25 01:11:42.955 main - qml_error: file:///home/dell/SHPI/qml/weather/WeatherFull.qml:109:9: QML Connections: Implicitly defined onFoo properties in Connections are deprecated. Use this syntax instead: function onFoo(<arguments>) { ... } (file:///home/dell/SHPI/qml/weather/WeatherFull.qml:109, file:///home/dell/SHPI/qml/weather/WeatherFull.qml)
2021-01-25 01:11:42.970 main - qml_error: file:///home/dell/SHPI/qml/weather/WeatherGraph.qml:190:5: QML Connections: Implicitly defined onFoo properties in Connections are deprecated. Use this syntax instead: function onFoo(<arguments>) { ... } (file:///home/dell/SHPI/qml/weather/WeatherGraph.qml:190, file:///home/dell/SHPI/qml/weather/WeatherGraph.qml)
2021-01-25 01:11:43.359 Appearance - update: check
2021-01-25 01:11:43.367 Appearance - update: changing nightmode to ACTIVE, old state: OFF, lastinput: 1611533502.2107234
2021-01-25 01:11:43.368 Backlight - set_brightness: set_brightness(73)
2021-01-25 01:11:43.368 Backlight - set_brightness: hardware brightness level: 684
2021-01-25 01:11:43.373 HWMon - read_hwmon:  reading channel: temp2_input value: 78000
2021-01-25 01:11:43.373 ModuleManager - update: calling update function of Logic:Shutter:local
2021-01-25 01:11:43.373 ModuleManager - update: calling update function of Logic:Thermostat:loca
2021-01-25 01:11:43.373 ModuleManager - update: calling update function of Logic:Thermostat:local2
2021-01-25 01:11:43.373 ModuleManager - update: calling update function of Info:Weather:Panketal
2021-01-25 01:11:43.402 ModuleManager - update: calling update function of Info:Weather:Bernau
2021-01-25 01:11:43.403 ModuleManager - update: calling update function of UI:ShowValue:test2
2021-01-25 01:11:43.404 ModuleManager - update: calling update function of UI:ShowValue:test
2021-01-25 01:11:43.404 ModuleManager - update: calling update function of UI:MultiShutter:Zentral
2021-01-25 01:11:43.404 ModuleManager - update: calling update function of Connections:HTTP:test
2021-01-25 01:11:43.587 Weather - _handle_reply: : Weather: added forecast
2021-01-25 01:11:43.661 Weather - _handle_reply: : Weather: added forecast
2021-01-25 01:11:44.360 Appearance - update: check
2021-01-25 01:11:44.361 ModuleManager - update: calling update function of Logic:Shutter:local
2021-01-25 01:11:44.361 ModuleManager - update: calling update function of Logic:Thermostat:loca
2021-01-25 01:11:44.361 ModuleManager - update: calling update function of Logic:Thermostat:local2
2021-01-25 01:11:44.361 ModuleManager - update: calling update function of Info:Weather:Panketal
2021-01-25 01:11:44.361 ModuleManager - update: calling update function of Info:Weather:Bernau
2021-01-25 01:11:44.362 ModuleManager - update: calling update function of UI:ShowValue:test2
2021-01-25 01:11:44.362 ModuleManager - update: calling update function of UI:ShowValue:test
2021-01-25 01:11:44.362 ModuleManager - update: calling update function of UI:MultiShutter:Zentral
2021-01-25 01:11:44.362 ModuleManager - update: calling update function of Connections:HTTP:test
2021-01-25 01:11:45.354 Appearance - update: check
2021-01-25 01:11:45.355 ModuleManager - update: calling update function of Logic:Shutter:local
2021-01-25 01:11:45.355 ModuleManager - update: calling update function of Logic:Thermostat:loca
2021-01-25 01:11:45.355 ModuleManager - update: calling update function of Logic:Thermostat:local2
2021-01-25 01:11:45.355 ModuleManager - update: calling update function of Info:Weather:Panketal
2021-01-25 01:11:45.355 ModuleManager - update: calling update function of Info:Weather:Bernau
2021-01-25 01:11:45.356 ModuleManager - update: calling update function of UI:ShowValue:test2
2021-01-25 01:11:45.356 ModuleManager - update: calling update function of UI:ShowValue:test
2021-01-25 01:11:45.356 ModuleManager - update: calling update function of UI:MultiShutter:Zentral
2021-01-25 01:11:45.356 ModuleManager - update: calling update function of Connections:HTTP:test
2021-01-25 01:11:46.353 Appearance - update: check
2021-01-25 01:11:46.354 HWMon - read_hwmon:  reading channel: temp1_input value: 63000
2021-01-25 01:11:46.358 HWMon - read_hwmon:  reading channel: temp3_input value: 64000
2021-01-25 01:11:46.359 HWMon - read_hwmon:  reading channel: temp1_input value: 25000
2021-01-25 01:11:46.360 ModuleManager - update: calling update function of Logic:Shutter:local
2021-01-25 01:11:46.360 ModuleManager - update: calling update function of Logic:Thermostat:loca
2021-01-25 01:11:46.360 ModuleManager - update: calling update function of Logic:Thermostat:local2
2021-01-25 01:11:46.360 ModuleManager - update: calling update function of Info:Weather:Panketal
2021-01-25 01:11:46.360 ModuleManager - update: calling update function of Info:Weather:Bernau
2021-01-25 01:11:46.360 ModuleManager - update: calling update function of UI:ShowValue:test2
2021-01-25 01:11:46.360 ModuleManager - update: calling update function of UI:ShowValue:test
2021-01-25 01:11:46.361 ModuleManager - update: calling update function of UI:MultiShutter:Zentral
2021-01-25 01:11:46.361 ModuleManager - update: calling update function of Connections:HTTP:test
2021-01-25 01:11:47.353 Appearance - update: check
2021-01-25 01:11:47.354 ModuleManager - update: calling update function of Logic:Shutter:local
2021-01-25 01:11:47.354 ModuleManager - update: calling update function of Logic:Thermostat:loca
2021-01-25 01:11:47.354 ModuleManager - update: calling update function of Logic:Thermostat:local2
2021-01-25 01:11:47.354 ModuleManager - update: calling update function of Info:Weather:Panketal
2021-01-25 01:11:47.354 ModuleManager - update: calling update function of Info:Weather:Bernau
2021-01-25 01:11:47.354 ModuleManager - update: calling update function of UI:ShowValue:test2
2021-01-25 01:11:47.354 ModuleManager - update: calling update function of UI:ShowValue:test
2021-01-25 01:11:47.354 ModuleManager - update: calling update function of UI:MultiShutter:Zentral
2021-01-25 01:11:47.354 ModuleManager - update: calling update function of Connections:HTTP:test
2021-01-25 01:11:48.354 Appearance - update: check
2021-01-25 01:11:48.355 ModuleManager - update: calling update function of Logic:Shutter:local
2021-01-25 01:11:48.355 ModuleManager - update: calling update function of Logic:Thermostat:loca
2021-01-25 01:11:48.355 ModuleManager - update: calling update function of Logic:Thermostat:local2
2021-01-25 01:11:48.355 ModuleManager - update: calling update function of Info:Weather:Panketal
2021-01-25 01:11:48.355 ModuleManager - update: calling update function of Info:Weather:Bernau
2021-01-25 01:11:48.355 ModuleManager - update: calling update function of UI:ShowValue:test2
2021-01-25 01:11:48.355 ModuleManager - update: calling update function of UI:ShowValue:test
2021-01-25 01:11:48.355 ModuleManager - update: calling update function of UI:MultiShutter:Zentral
2021-01-25 01:11:48.356 ModuleManager - update: calling update function of Connections:HTTP:test
2021-01-25 01:11:49.354 Appearance - update: check
2021-01-25 01:11:49.359 HWMon - read_hwmon:  reading channel: temp2_input value: 65000
2021-01-25 01:11:49.360 ModuleManager - update: calling update function of Logic:Shutter:local
2021-01-25 01:11:49.360 ModuleManager - update: calling update function of Logic:Thermostat:loca
2021-01-25 01:11:49.360 ModuleManager - update: calling update function of Logic:Thermostat:local2
2021-01-25 01:11:49.360 ModuleManager - update: calling update function of Info:Weather:Panketal
2021-01-25 01:11:49.360 ModuleManager - update: calling update function of Info:Weather:Bernau
2021-01-25 01:11:49.360 ModuleManager - update: calling update function of UI:ShowValue:test2
2021-01-25 01:11:49.360 ModuleManager - update: calling update function of UI:ShowValue:test
2021-01-25 01:11:49.361 ModuleManager - update: calling update function of UI:MultiShutter:Zentral
2021-01-25 01:11:49.361 ModuleManager - update: calling update function of Connections:HTTP:test
2021-01-25 01:11:50.354 Appearance - update: check
2021-01-25 01:11:50.355 ModuleManager - update: calling update function of Logic:Shutter:local
2021-01-25 01:11:50.355 ModuleManager - update: calling update function of Logic:Thermostat:loca
2021-01-25 01:11:50.355 ModuleManager - update: calling update function of Logic:Thermostat:local2
2021-01-25 01:11:50.355 ModuleManager - update: calling update function of Info:Weather:Panketal
2021-01-25 01:11:50.355 ModuleManager - update: calling update function of Info:Weather:Bernau
2021-01-25 01:11:50.355 ModuleManager - update: calling update function of UI:ShowValue:test2
2021-01-25 01:11:50.355 ModuleManager - update: calling update function of UI:ShowValue:test
2021-01-25 01:11:50.356 ModuleManager - update: calling update function of UI:MultiShutter:Zentral
2021-01-25 01:11:50.356 ModuleManager - update: calling update function of Connections:HTTP:test
2021-01-25 01:11:51.354 Appearance - update: check
2021-01-25 01:11:51.366 HWMon - read_hwmon:  reading channel: temp1_input value: 62000
2021-01-25 01:11:51.368 HWMon - read_hwmon:  reading channel: temp3_input value: 63000
2021-01-25 01:11:51.368 HWMon - read_hwmon:  reading channel: temp1_input value: 25000
2021-01-25 01:11:51.368 ModuleManager - update: calling update function of Logic:Shutter:local
2021-01-25 01:11:51.368 ModuleManager - update: calling update function of Logic:Thermostat:loca
2021-01-25 01:11:51.369 ModuleManager - update: calling update function of Logic:Thermostat:local2
2021-01-25 01:11:51.369 ModuleManager - update: calling update function of Info:Weather:Panketal
2021-01-25 01:11:51.369 ModuleManager - update: calling update function of Info:Weather:Bernau
2021-01-25 01:11:51.369 ModuleManager - update: calling update function of UI:ShowValue:test2
2021-01-25 01:11:51.369 ModuleManager - update: calling update function of UI:ShowValue:test
2021-01-25 01:11:51.369 ModuleManager - update: calling update function of UI:MultiShutter:Zentral
2021-01-25 01:11:51.369 ModuleManager - update: calling update function of Connections:HTTP:test
2021-01-25 01:11:52.353 Appearance - update: check
2021-01-25 01:11:52.354 ModuleManager - update: calling update function of Logic:Shutter:local
2021-01-25 01:11:52.354 ModuleManager - update: calling update function of Logic:Thermostat:loca
2021-01-25 01:11:52.354 ModuleManager - update: calling update function of Logic:Thermostat:local2
2021-01-25 01:11:52.354 ModuleManager - update: calling update function of Info:Weather:Panketal
2021-01-25 01:11:52.354 ModuleManager - update: calling update function of Info:Weather:Bernau
2021-01-25 01:11:52.354 ModuleManager - update: calling update function of UI:ShowValue:test2
2021-01-25 01:11:52.354 ModuleManager - update: calling update function of UI:ShowValue:test
2021-01-25 01:11:52.355 ModuleManager - update: calling update function of UI:MultiShutter:Zentral
2021-01-25 01:11:52.355 ModuleManager - update: calling update function of Connections:HTTP:test
2021-01-25 01:11:53.353 Appearance - update: check
2021-01-25 01:11:53.354 ModuleManager - update: calling update function of Logic:Shutter:local
2021-01-25 01:11:53.354 ModuleManager - update: calling update function of Logic:Thermostat:loca
2021-01-25 01:11:53.354 ModuleManager - update: calling update function of Logic:Thermostat:local2
2021-01-25 01:11:53.354 ModuleManager - update: calling update function of Info:Weather:Panketal
2021-01-25 01:11:53.354 ModuleManager - update: calling update function of Info:Weather:Bernau
2021-01-25 01:11:53.354 ModuleManager - update: calling update function of UI:ShowValue:test2
2021-01-25 01:11:53.354 ModuleManager - update: calling update function of UI:ShowValue:test
2021-01-25 01:11:53.354 ModuleManager - update: calling update function of UI:MultiShutter:Zentral
2021-01-25 01:11:53.354 ModuleManager - update: calling update function of Connections:HTTP:test
2021-01-25 01:11:54.354 Appearance - update: check
2021-01-25 01:11:54.355 ModuleManager - update: calling update function of Logic:Shutter:local
2021-01-25 01:11:54.355 ModuleManager - update: calling update function of Logic:Thermostat:loca
2021-01-25 01:11:54.355 ModuleManager - update: calling update function of Logic:Thermostat:local2
2021-01-25 01:11:54.355 ModuleManager - update: calling update function of Info:Weather:Panketal
2021-01-25 01:11:54.355 ModuleManager - update: calling update function of Info:Weather:Bernau
2021-01-25 01:11:54.355 ModuleManager - update: calling update function of UI:ShowValue:test2
2021-01-25 01:11:54.355 ModuleManager - update: calling update function of UI:ShowValue:test
2021-01-25 01:11:54.355 ModuleManager - update: calling update function of UI:MultiShutter:Zentral
2021-01-25 01:11:54.356 ModuleManager - update: calling update function of Connections:HTTP:test
2021-01-25 01:11:55.356 Appearance - update: check
2021-01-25 01:11:55.360 HWMon - read_hwmon:  reading channel: temp2_input value: 63000
2021-01-25 01:11:55.361 ModuleManager - update: calling update function of Logic:Shutter:local
2021-01-25 01:11:55.361 ModuleManager - update: calling update function of Logic:Thermostat:loca
2021-01-25 01:11:55.361 ModuleManager - update: calling update function of Logic:Thermostat:local2
2021-01-25 01:11:55.361 ModuleManager - update: calling update function of Info:Weather:Panketal
2021-01-25 01:11:55.362 ModuleManager - update: calling update function of Info:Weather:Bernau
2021-01-25 01:11:55.362 ModuleManager - update: calling update function of UI:ShowValue:test2
2021-01-25 01:11:55.362 ModuleManager - update: calling update function of UI:ShowValue:test
2021-01-25 01:11:55.362 ModuleManager - update: calling update function of UI:MultiShutter:Zentral
2021-01-25 01:11:55.362 ModuleManager - update: calling update function of Connections:HTTP:test
2021-01-25 01:11:56.353 Appearance - update: check
2021-01-25 01:11:56.355 HWMon - read_hwmon:  reading channel: temp1_input value: 61500
2021-01-25 01:11:56.358 HWMon - read_hwmon:  reading channel: temp3_input value: 64000
2021-01-25 01:11:56.360 HWMon - read_hwmon:  reading channel: temp1_input value: 25000
2021-01-25 01:11:56.360 ModuleManager - update: calling update function of Logic:Shutter:local
2021-01-25 01:11:56.360 ModuleManager - update: calling update function of Logic:Thermostat:loca
2021-01-25 01:11:56.360 ModuleManager - update: calling update function of Logic:Thermostat:local2
2021-01-25 01:11:56.360 ModuleManager - update: calling update function of Info:Weather:Panketal
2021-01-25 01:11:56.360 ModuleManager - update: calling update function of Info:Weather:Bernau
2021-01-25 01:11:56.360 ModuleManager - update: calling update function of UI:ShowValue:test2
2021-01-25 01:11:56.360 ModuleManager - update: calling update function of UI:ShowValue:test
2021-01-25 01:11:56.360 ModuleManager - update: calling update function of UI:MultiShutter:Zentral
2021-01-25 01:11:56.360 ModuleManager - update: calling update function of Connections:HTTP:test
2021-01-25 01:11:56.539 main - qml_error: file:///home/dell/SHPI/qml/info/Weather.qml:48:5: QML Connections: Implicitly defined onFoo properties in Connections are deprecated. Use this syntax instead: function onFoo(<arguments>) { ... } (file:///home/dell/SHPI/qml/info/Weather.qml:48, file:///home/dell/SHPI/qml/info/Weather.qml)
2021-01-25 01:11:57.354 Appearance - update: check
2021-01-25 01:11:57.355 ModuleManager - update: calling update function of Logic:Shutter:local
2021-01-25 01:11:57.355 ModuleManager - update: calling update function of Logic:Thermostat:loca
2021-01-25 01:11:57.355 ModuleManager - update: calling update function of Logic:Thermostat:local2
2021-01-25 01:11:57.356 ModuleManager - update: calling update function of Info:Weather:Panketal
2021-01-25 01:11:57.356 ModuleManager - update: calling update function of Info:Weather:Bernau
2021-01-25 01:11:57.356 ModuleManager - update: calling update function of UI:ShowValue:test2
2021-01-25 01:11:57.356 ModuleManager - update: calling update function of UI:ShowValue:test
2021-01-25 01:11:57.356 ModuleManager - update: calling update function of UI:MultiShutter:Zentral
2021-01-25 01:11:57.357 ModuleManager - update: calling update function of Connections:HTTP:test
2021-01-25 01:11:58.357 Appearance - update: check
2021-01-25 01:11:58.358 ModuleManager - update: calling update function of Logic:Shutter:local
2021-01-25 01:11:58.359 ModuleManager - update: calling update function of Logic:Thermostat:loca
2021-01-25 01:11:58.359 ModuleManager - update: calling update function of Logic:Thermostat:local2
2021-01-25 01:11:58.359 ModuleManager - update: calling update function of Info:Weather:Panketal
2021-01-25 01:11:58.359 ModuleManager - update: calling update function of Info:Weather:Bernau
2021-01-25 01:11:58.359 ModuleManager - update: calling update function of UI:ShowValue:test2
2021-01-25 01:11:58.359 ModuleManager - update: calling update function of UI:ShowValue:test
2021-01-25 01:11:58.359 ModuleManager - update: calling update function of UI:MultiShutter:Zentral
2021-01-25 01:11:58.359 ModuleManager - update: calling update function of Connections:HTTP:test
2021-01-25 01:11:59.354 Appearance - update: check
2021-01-25 01:11:59.355 ModuleManager - update: calling update function of Logic:Shutter:local
2021-01-25 01:11:59.355 ModuleManager - update: calling update function of Logic:Thermostat:loca
2021-01-25 01:11:59.355 ModuleManager - update: calling update function of Logic:Thermostat:local2
2021-01-25 01:11:59.355 ModuleManager - update: calling update function of Info:Weather:Panketal
2021-01-25 01:11:59.356 ModuleManager - update: calling update function of Info:Weather:Bernau
2021-01-25 01:11:59.356 ModuleManager - update: calling update function of UI:ShowValue:test2
2021-01-25 01:11:59.357 ModuleManager - update: calling update function of UI:ShowValue:test
2021-01-25 01:11:59.357 ModuleManager - update: calling update function of UI:MultiShutter:Zentral
2021-01-25 01:11:59.357 ModuleManager - update: calling update function of Connections:HTTP:test
2021-01-25 01:12:00.354 Appearance - update: check
2021-01-25 01:12:00.354 ModuleManager - update: calling update function of Logic:Shutter:local
2021-01-25 01:12:00.354 ModuleManager - update: calling update function of Logic:Thermostat:loca
2021-01-25 01:12:00.354 ModuleManager - update: calling update function of Logic:Thermostat:local2
2021-01-25 01:12:00.355 ModuleManager - update: calling update function of Info:Weather:Panketal
2021-01-25 01:12:00.355 ModuleManager - update: calling update function of Info:Weather:Bernau
2021-01-25 01:12:00.355 ModuleManager - update: calling update function of UI:ShowValue:test2
2021-01-25 01:12:00.355 ModuleManager - update: calling update function of UI:ShowValue:test
2021-01-25 01:12:00.355 ModuleManager - update: calling update function of UI:MultiShutter:Zentral
2021-01-25 01:12:00.355 ModuleManager - update: calling update function of Connections:HTTP:test
2021-01-25 01:12:01.358 Appearance - update: check
2021-01-25 01:12:01.453 HWMon - read_hwmon:  reading channel: temp3_input value: 61000
2021-01-25 01:12:01.454 HWMon - read_hwmon:  reading channel: temp1_input value: 63000
2021-01-25 01:12:01.455 HWMon - read_hwmon:  reading channel: temp2_input value: 63000
2021-01-25 01:12:01.455 HWMon - read_hwmon:  reading channel: temp2_crit_alarm value: 0
2021-01-25 01:12:01.456 HWMon - read_hwmon:  reading channel: temp3_crit_alarm value: 0
2021-01-25 01:12:01.456 HWMon - read_hwmon:  reading channel: temp1_crit_alarm value: 0
2021-01-25 01:12:01.467 HWMon - read_hwmon:  reading channel: in0_input value: 8595
2021-01-25 01:12:01.468 HWMon - read_hwmon:  reading channel: curr1_input value: 1
2021-01-25 01:12:01.468 HWMon - read_hwmon:  reading channel: temp1_input value: 61000
2021-01-25 01:12:01.470 HWMon - read_hwmon:  reading channel: temp3_input value: 63000
2021-01-25 01:12:01.471 HWMon - read_hwmon:  reading channel: temp1_input value: 25000
2021-01-25 01:12:01.473 HWMon - read_hwmon:  reading channel: temp2_input value: 63000
2021-01-25 01:12:01.473 ModuleManager - update: calling update function of Logic:Shutter:local
2021-01-25 01:12:01.473 ModuleManager - update: calling update function of Logic:Thermostat:loca
2021-01-25 01:12:01.473 ModuleManager - update: calling update function of Logic:Thermostat:local2
2021-01-25 01:12:01.473 ModuleManager - update: calling update function of Info:Weather:Panketal
2021-01-25 01:12:01.473 ModuleManager - update: calling update function of Info:Weather:Bernau
2021-01-25 01:12:01.473 ModuleManager - update: calling update function of UI:ShowValue:test2
2021-01-25 01:12:01.474 ModuleManager - update: calling update function of UI:ShowValue:test
2021-01-25 01:12:01.474 ModuleManager - update: calling update function of UI:MultiShutter:Zentral
2021-01-25 01:12:01.474 ModuleManager - update: calling update function of Connections:HTTP:test
2021-01-25 01:12:02.425 Appearance - update: check
2021-01-25 01:12:02.426 ModuleManager - update: calling update function of Logic:Shutter:local
2021-01-25 01:12:02.427 ModuleManager - update: calling update function of Logic:Thermostat:loca
2021-01-25 01:12:02.427 ModuleManager - update: calling update function of Logic:Thermostat:local2
2021-01-25 01:12:02.428 ModuleManager - update: calling update function of Info:Weather:Panketal
2021-01-25 01:12:02.429 ModuleManager - update: calling update function of Info:Weather:Bernau
2021-01-25 01:12:02.429 ModuleManager - update: calling update function of UI:ShowValue:test2
2021-01-25 01:12:02.429 ModuleManager - update: calling update function of UI:ShowValue:test
2021-01-25 01:12:02.429 ModuleManager - update: calling update function of UI:MultiShutter:Zentral
2021-01-25 01:12:02.429 ModuleManager - update: calling update function of Connections:HTTP:test
2021-01-25 01:12:03.391 Appearance - update: check
2021-01-25 01:12:03.392 ModuleManager - update: calling update function of Logic:Shutter:local
2021-01-25 01:12:03.392 ModuleManager - update: calling update function of Logic:Thermostat:loca
2021-01-25 01:12:03.392 ModuleManager - update: calling update function of Logic:Thermostat:local2
2021-01-25 01:12:03.392 ModuleManager - update: calling update function of Info:Weather:Panketal
2021-01-25 01:12:03.392 ModuleManager - update: calling update function of Info:Weather:Bernau
2021-01-25 01:12:03.392 ModuleManager - update: calling update function of UI:ShowValue:test2
2021-01-25 01:12:03.392 ModuleManager - update: calling update function of UI:ShowValue:test
2021-01-25 01:12:03.392 ModuleManager - update: calling update function of UI:MultiShutter:Zentral
2021-01-25 01:12:03.393 ModuleManager - update: calling update function of Connections:HTTP:test
2021-01-25 01:12:04.354 Appearance - update: check
2021-01-25 01:12:04.355 ModuleManager - update: calling update function of Logic:Shutter:local
2021-01-25 01:12:04.355 ModuleManager - update: calling update function of Logic:Thermostat:loca
2021-01-25 01:12:04.355 ModuleManager - update: calling update function of Logic:Thermostat:local2
2021-01-25 01:12:04.355 ModuleManager - update: calling update function of Info:Weather:Panketal
2021-01-25 01:12:04.355 ModuleManager - update: calling update function of Info:Weather:Bernau
2021-01-25 01:12:04.355 ModuleManager - update: calling update function of UI:ShowValue:test2
2021-01-25 01:12:04.355 ModuleManager - update: calling update function of UI:ShowValue:test
2021-01-25 01:12:04.355 ModuleManager - update: calling update function of UI:MultiShutter:Zentral
2021-01-25 01:12:04.355 ModuleManager - update: calling update function of Connections:HTTP:test
2021-01-25 01:12:05.353 Appearance - update: check
2021-01-25 01:12:05.354 ModuleManager - update: calling update function of Logic:Shutter:local
2021-01-25 01:12:05.355 ModuleManager - update: calling update function of Logic:Thermostat:loca
2021-01-25 01:12:05.355 ModuleManager - update: calling update function of Logic:Thermostat:local2
2021-01-25 01:12:05.355 ModuleManager - update: calling update function of Info:Weather:Panketal
2021-01-25 01:12:05.355 ModuleManager - update: calling update function of Info:Weather:Bernau
2021-01-25 01:12:05.355 ModuleManager - update: calling update function of UI:ShowValue:test2
2021-01-25 01:12:05.355 ModuleManager - update: calling update function of UI:ShowValue:test
2021-01-25 01:12:05.356 ModuleManager - update: calling update function of UI:MultiShutter:Zentral
2021-01-25 01:12:05.356 ModuleManager - update: calling update function of Connections:HTTP:test
2021-01-25 01:12:06.354 Appearance - update: check
2021-01-25 01:12:06.355 HWMon - read_hwmon:  reading channel: temp1_input value: 60500
2021-01-25 01:12:06.357 HWMon - read_hwmon:  reading channel: temp3_input value: 62000
2021-01-25 01:12:06.359 HWMon - read_hwmon:  reading channel: temp1_input value: 25000
2021-01-25 01:12:06.360 ModuleManager - update: calling update function of Logic:Shutter:local
2021-01-25 01:12:06.360 ModuleManager - update: calling update function of Logic:Thermostat:loca
2021-01-25 01:12:06.360 ModuleManager - update: calling update function of Logic:Thermostat:local2
2021-01-25 01:12:06.360 ModuleManager - update: calling update function of Info:Weather:Panketal
2021-01-25 01:12:06.360 ModuleManager - update: calling update function of Info:Weather:Bernau
2021-01-25 01:12:06.360 ModuleManager - update: calling update function of UI:ShowValue:test2
2021-01-25 01:12:06.360 ModuleManager - update: calling update function of UI:ShowValue:test
2021-01-25 01:12:06.361 ModuleManager - update: calling update function of UI:MultiShutter:Zentral
2021-01-25 01:12:06.361 ModuleManager - update: calling update function of Connections:HTTP:test
2021-01-25 01:12:07.353 Appearance - update: check
2021-01-25 01:12:07.359 HWMon - read_hwmon:  reading channel: temp2_input value: 62000
2021-01-25 01:12:07.359 ModuleManager - update: calling update function of Logic:Shutter:local
2021-01-25 01:12:07.359 ModuleManager - update: calling update function of Logic:Thermostat:loca
2021-01-25 01:12:07.360 ModuleManager - update: calling update function of Logic:Thermostat:local2
2021-01-25 01:12:07.360 ModuleManager - update: calling update function of Info:Weather:Panketal
2021-01-25 01:12:07.360 ModuleManager - update: calling update function of Info:Weather:Bernau
2021-01-25 01:12:07.360 ModuleManager - update: calling update function of UI:ShowValue:test2
2021-01-25 01:12:07.360 ModuleManager - update: calling update function of UI:ShowValue:test
2021-01-25 01:12:07.360 ModuleManager - update: calling update function of UI:MultiShutter:Zentral
2021-01-25 01:12:07.361 ModuleManager - update: calling update function of Connections:HTTP:test
2021-01-25 01:12:08.353 Appearance - update: check
2021-01-25 01:12:08.354 ModuleManager - update: calling update function of Logic:Shutter:local
2021-01-25 01:12:08.354 ModuleManager - update: calling update function of Logic:Thermostat:loca
2021-01-25 01:12:08.354 ModuleManager - update: calling update function of Logic:Thermostat:local2
2021-01-25 01:12:08.354 ModuleManager - update: calling update function of Info:Weather:Panketal
2021-01-25 01:12:08.354 ModuleManager - update: calling update function of Info:Weather:Bernau
2021-01-25 01:12:08.354 ModuleManager - update: calling update function of UI:ShowValue:test2
2021-01-25 01:12:08.354 ModuleManager - update: calling update function of UI:ShowValue:test
2021-01-25 01:12:08.354 ModuleManager - update: calling update function of UI:MultiShutter:Zentral
2021-01-25 01:12:08.355 ModuleManager - update: calling update function of Connections:HTTP:test
2021-01-25 01:12:09.360 Appearance - update: check
2021-01-25 01:12:09.360 ModuleManager - update: calling update function of Logic:Shutter:local
2021-01-25 01:12:09.360 ModuleManager - update: calling update function of Logic:Thermostat:loca
2021-01-25 01:12:09.360 ModuleManager - update: calling update function of Logic:Thermostat:local2
2021-01-25 01:12:09.361 ModuleManager - update: calling update function of Info:Weather:Panketal
2021-01-25 01:12:09.361 ModuleManager - update: calling update function of Info:Weather:Bernau
2021-01-25 01:12:09.361 ModuleManager - update: calling update function of UI:ShowValue:test2
2021-01-25 01:12:09.361 ModuleManager - update: calling update function of UI:ShowValue:test
2021-01-25 01:12:09.361 ModuleManager - update: calling update function of UI:MultiShutter:Zentral
2021-01-25 01:12:09.361 ModuleManager - update: calling update function of Connections:HTTP:test
2021-01-25 01:12:10.354 Appearance - update: check
2021-01-25 01:12:10.355 ModuleManager - update: calling update function of Logic:Shutter:local
2021-01-25 01:12:10.355 ModuleManager - update: calling update function of Logic:Thermostat:loca
2021-01-25 01:12:10.355 ModuleManager - update: calling update function of Logic:Thermostat:local2
2021-01-25 01:12:10.355 ModuleManager - update: calling update function of Info:Weather:Panketal
2021-01-25 01:12:10.355 ModuleManager - update: calling update function of Info:Weather:Bernau
2021-01-25 01:12:10.355 ModuleManager - update: calling update function of UI:ShowValue:test2
2021-01-25 01:12:10.356 ModuleManager - update: calling update function of UI:ShowValue:test
2021-01-25 01:12:10.356 ModuleManager - update: calling update function of UI:MultiShutter:Zentral
2021-01-25 01:12:10.356 ModuleManager - update: calling update function of Connections:HTTP:test
2021-01-25 01:12:11.353 Appearance - update: check
2021-01-25 01:12:11.370 HWMon - read_hwmon:  reading channel: temp1_input value: 60000
2021-01-25 01:12:11.372 HWMon - read_hwmon:  reading channel: temp3_input value: 60000
2021-01-25 01:12:11.373 HWMon - read_hwmon:  reading channel: temp1_input value: 25000
2021-01-25 01:12:11.373 ModuleManager - update: calling update function of Logic:Shutter:local
2021-01-25 01:12:11.373 ModuleManager - update: calling update function of Logic:Thermostat:loca
2021-01-25 01:12:11.373 ModuleManager - update: calling update function of Logic:Thermostat:local2
2021-01-25 01:12:11.373 ModuleManager - update: calling update function of Info:Weather:Panketal
2021-01-25 01:12:11.373 ModuleManager - update: calling update function of Info:Weather:Bernau
2021-01-25 01:12:11.373 ModuleManager - update: calling update function of UI:ShowValue:test2
2021-01-25 01:12:11.374 ModuleManager - update: calling update function of UI:ShowValue:test
2021-01-25 01:12:11.374 ModuleManager - update: calling update function of UI:MultiShutter:Zentral
2021-01-25 01:12:11.374 ModuleManager - update: calling update function of Connections:HTTP:test
2021-01-25 01:12:12.354 Appearance - update: check
2021-01-25 01:12:12.355 ModuleManager - update: calling update function of Logic:Shutter:local
2021-01-25 01:12:12.355 ModuleManager - update: calling update function of Logic:Thermostat:loca
2021-01-25 01:12:12.355 ModuleManager - update: calling update function of Logic:Thermostat:local2
2021-01-25 01:12:12.355 ModuleManager - update: calling update function of Info:Weather:Panketal
2021-01-25 01:12:12.355 ModuleManager - update: calling update function of Info:Weather:Bernau
2021-01-25 01:12:12.355 ModuleManager - update: calling update function of UI:ShowValue:test2
2021-01-25 01:12:12.356 ModuleManager - update: calling update function of UI:ShowValue:test
2021-01-25 01:12:12.356 ModuleManager - update: calling update function of UI:MultiShutter:Zentral
2021-01-25 01:12:12.356 ModuleManager - update: calling update function of Connections:HTTP:test
2021-01-25 01:12:13.354 Appearance - update: check
2021-01-25 01:12:13.358 HWMon - read_hwmon:  reading channel: temp2_input value: 59000
2021-01-25 01:12:13.358 ModuleManager - update: calling update function of Logic:Shutter:local
2021-01-25 01:12:13.358 ModuleManager - update: calling update function of Logic:Thermostat:loca
2021-01-25 01:12:13.359 ModuleManager - update: calling update function of Logic:Thermostat:local2
2021-01-25 01:12:13.359 ModuleManager - update: calling update function of Info:Weather:Panketal
2021-01-25 01:12:13.359 ModuleManager - update: calling update function of Info:Weather:Bernau
2021-01-25 01:12:13.359 ModuleManager - update: calling update function of UI:ShowValue:test2
2021-01-25 01:12:13.359 ModuleManager - update: calling update function of UI:ShowValue:test
2021-01-25 01:12:13.359 ModuleManager - update: calling update function of UI:MultiShutter:Zentral
2021-01-25 01:12:13.359 ModuleManager - update: calling update function of Connections:HTTP:test
2021-01-25 01:12:14.354 Appearance - update: check
2021-01-25 01:12:14.355 ModuleManager - update: calling update function of Logic:Shutter:local
2021-01-25 01:12:14.355 ModuleManager - update: calling update function of Logic:Thermostat:loca
2021-01-25 01:12:14.355 ModuleManager - update: calling update function of Logic:Thermostat:local2
2021-01-25 01:12:14.355 ModuleManager - update: calling update function of Info:Weather:Panketal
2021-01-25 01:12:14.356 ModuleManager - update: calling update function of Info:Weather:Bernau
2021-01-25 01:12:14.356 ModuleManager - update: calling update function of UI:ShowValue:test2
2021-01-25 01:12:14.356 ModuleManager - update: calling update function of UI:ShowValue:test
2021-01-25 01:12:14.356 ModuleManager - update: calling update function of UI:MultiShutter:Zentral
2021-01-25 01:12:14.356 ModuleManager - update: calling update function of Connections:HTTP:test
2021-01-25 01:12:15.354 Appearance - update: check
2021-01-25 01:12:15.355 ModuleManager - update: calling update function of Logic:Shutter:local
2021-01-25 01:12:15.355 ModuleManager - update: calling update function of Logic:Thermostat:loca
2021-01-25 01:12:15.355 ModuleManager - update: calling update function of Logic:Thermostat:local2
2021-01-25 01:12:15.355 ModuleManager - update: calling update function of Info:Weather:Panketal
2021-01-25 01:12:15.355 ModuleManager - update: calling update function of Info:Weather:Bernau
2021-01-25 01:12:15.355 ModuleManager - update: calling update function of UI:ShowValue:test2
2021-01-25 01:12:15.356 ModuleManager - update: calling update function of UI:ShowValue:test
2021-01-25 01:12:15.356 ModuleManager - update: calling update function of UI:MultiShutter:Zentral
2021-01-25 01:12:15.356 ModuleManager - update: calling update function of Connections:HTTP:test
2021-01-25 01:12:16.353 Appearance - update: check
2021-01-25 01:12:16.354 HWMon - read_hwmon:  reading channel: temp1_input value: 59000
2021-01-25 01:12:16.358 HWMon - read_hwmon:  reading channel: temp3_input value: 60000
2021-01-25 01:12:16.359 HWMon - read_hwmon:  reading channel: temp1_input value: 25000
2021-01-25 01:12:16.359 ModuleManager - update: calling update function of Logic:Shutter:local
2021-01-25 01:12:16.359 ModuleManager - update: calling update function of Logic:Thermostat:loca
2021-01-25 01:12:16.359 ModuleManager - update: calling update function of Logic:Thermostat:local2
2021-01-25 01:12:16.359 ModuleManager - update: calling update function of Info:Weather:Panketal
2021-01-25 01:12:16.359 ModuleManager - update: calling update function of Info:Weather:Bernau
2021-01-25 01:12:16.359 ModuleManager - update: calling update function of UI:ShowValue:test2
2021-01-25 01:12:16.360 ModuleManager - update: calling update function of UI:ShowValue:test
2021-01-25 01:12:16.360 ModuleManager - update: calling update function of UI:MultiShutter:Zentral
2021-01-25 01:12:16.360 ModuleManager - update: calling update function of Connections:HTTP:test
2021-01-25 01:12:17.354 Appearance - update: check
2021-01-25 01:12:17.355 ModuleManager - update: calling update function of Logic:Shutter:local
2021-01-25 01:12:17.355 ModuleManager - update: calling update function of Logic:Thermostat:loca
2021-01-25 01:12:17.355 ModuleManager - update: calling update function of Logic:Thermostat:local2
2021-01-25 01:12:17.355 ModuleManager - update: calling update function of Info:Weather:Panketal
2021-01-25 01:12:17.355 ModuleManager - update: calling update function of Info:Weather:Bernau
2021-01-25 01:12:17.355 ModuleManager - update: calling update function of UI:ShowValue:test2
2021-01-25 01:12:17.356 ModuleManager - update: calling update function of UI:ShowValue:test
2021-01-25 01:12:17.356 ModuleManager - update: calling update function of UI:MultiShutter:Zentral
2021-01-25 01:12:17.356 ModuleManager - update: calling update function of Connections:HTTP:test
2021-01-25 01:12:18.353 Appearance - update: check
2021-01-25 01:12:18.354 ModuleManager - update: calling update function of Logic:Shutter:local
2021-01-25 01:12:18.354 ModuleManager - update: calling update function of Logic:Thermostat:loca
2021-01-25 01:12:18.354 ModuleManager - update: calling update function of Logic:Thermostat:local2
2021-01-25 01:12:18.355 ModuleManager - update: calling update function of Info:Weather:Panketal
2021-01-25 01:12:18.355 ModuleManager - update: calling update function of Info:Weather:Bernau
2021-01-25 01:12:18.355 ModuleManager - update: calling update function of UI:ShowValue:test2
2021-01-25 01:12:18.355 ModuleManager - update: calling update function of UI:ShowValue:test
2021-01-25 01:12:18.355 ModuleManager - update: calling update function of UI:MultiShutter:Zentral
2021-01-25 01:12:18.355 ModuleManager - update: calling update function of Connections:HTTP:test
2021-01-25 01:12:19.353 Appearance - update: check
2021-01-25 01:12:19.357 HWMon - read_hwmon:  reading channel: temp2_input value: 59000
2021-01-25 01:12:19.357 ModuleManager - update: calling update function of Logic:Shutter:local
2021-01-25 01:12:19.358 ModuleManager - update: calling update function of Logic:Thermostat:loca
2021-01-25 01:12:19.358 ModuleManager - update: calling update function of Logic:Thermostat:local2
2021-01-25 01:12:19.358 ModuleManager - update: calling update function of Info:Weather:Panketal
2021-01-25 01:12:19.358 ModuleManager - update: calling update function of Info:Weather:Bernau
2021-01-25 01:12:19.358 ModuleManager - update: calling update function of UI:ShowValue:test2
2021-01-25 01:12:19.358 ModuleManager - update: calling update function of UI:ShowValue:test
2021-01-25 01:12:19.358 ModuleManager - update: calling update function of UI:MultiShutter:Zentral
2021-01-25 01:12:19.359 ModuleManager - update: calling update function of Connections:HTTP:test
2021-01-25 01:12:20.308 main - qml_error: file:///home/dell/SHPI/qml/main.qml:303: TypeError: Cannot read property 'modules' of null (file:///home/dell/SHPI/qml/main.qml:303, file:///home/dell/SHPI/qml/main.qml)
2021-01-25 01:12:20.308 main - qml_error: file:///home/dell/SHPI/qml/main.qml:304: TypeError: Cannot read property 'modules' of null (file:///home/dell/SHPI/qml/main.qml:304, file:///home/dell/SHPI/qml/main.qml)
2021-01-25 01:12:20.308 main - qml_error: file:///home/dell/SHPI/qml/main.qml:287: TypeError: Cannot read property 'modules' of null (file:///home/dell/SHPI/qml/main.qml:287, file:///home/dell/SHPI/qml/main.qml)
2021-01-25 01:12:20.309 main - qml_error: file:///home/dell/SHPI/qml/main.qml:288: TypeError: Cannot read property 'modules' of null (file:///home/dell/SHPI/qml/main.qml:288, file:///home/dell/SHPI/qml/main.qml)
2021-01-25 01:12:20.309 main - qml_error: file:///home/dell/SHPI/qml/main.qml:310: TypeError: Cannot read property 'modules' of null (file:///home/dell/SHPI/qml/main.qml:310, file:///home/dell/SHPI/qml/main.qml)
2021-01-25 01:12:20.309 main - qml_error: file:///home/dell/SHPI/qml/main.qml:311: TypeError: Cannot read property 'modules' of null (file:///home/dell/SHPI/qml/main.qml:311, file:///home/dell/SHPI/qml/main.qml)
2021-01-25 01:12:20.309 main - qml_error: file:///home/dell/SHPI/qml/main.qml:294: TypeError: Cannot read property 'modules' of null (file:///home/dell/SHPI/qml/main.qml:294, file:///home/dell/SHPI/qml/main.qml)
2021-01-25 01:12:20.310 main - qml_error: file:///home/dell/SHPI/qml/main.qml:295: TypeError: Cannot read property 'modules' of null (file:///home/dell/SHPI/qml/main.qml:295, file:///home/dell/SHPI/qml/main.qml)
2021-01-25 01:12:20.310 main - qml_error: file:///home/dell/SHPI/qml/Rooms.qml:22: TypeError: Cannot read property 'available_rooms' of null (file:///home/dell/SHPI/qml/Rooms.qml:22, file:///home/dell/SHPI/qml/Rooms.qml)
2021-01-25 01:12:20.310 main - qml_error: file:///home/dell/SHPI/qml/logic/Shutter.qml:119: TypeError: Cannot read property 'loaded_instances' of null (file:///home/dell/SHPI/qml/logic/Shutter.qml:119, file:///home/dell/SHPI/qml/logic/Shutter.qml)
2021-01-25 01:12:20.310 main - qml_error: file:///home/dell/SHPI/qml/logic/Shutter.qml:13: TypeError: Cannot read property 'modules' of null (file:///home/dell/SHPI/qml/logic/Shutter.qml:13, file:///home/dell/SHPI/qml/logic/Shutter.qml)
2021-01-25 01:12:20.310 main - qml_error: file:///home/dell/SHPI/qml/logic/Shutter.qml:129: TypeError: Cannot read property 'loaded_instances' of null (file:///home/dell/SHPI/qml/logic/Shutter.qml:129, file:///home/dell/SHPI/qml/logic/Shutter.qml)
2021-01-25 01:12:20.311 main - qml_error: file:///home/dell/SHPI/qml/logic/Shutter.qml:33: TypeError: Cannot read property 'loaded_instances' of null (file:///home/dell/SHPI/qml/logic/Shutter.qml:33, file:///home/dell/SHPI/qml/logic/Shutter.qml)
2021-01-25 01:12:20.311 main - qml_error: file:///home/dell/SHPI/qml/logic/Shutter.qml:47: TypeError: Cannot read property 'loaded_instances' of null (file:///home/dell/SHPI/qml/logic/Shutter.qml:47, file:///home/dell/SHPI/qml/logic/Shutter.qml)
2021-01-25 01:12:20.311 main - qml_error: file:///home/dell/SHPI/qml/logic/Shutter.qml:153: TypeError: Cannot read property 'loaded_instances' of null (file:///home/dell/SHPI/qml/logic/Shutter.qml:153, file:///home/dell/SHPI/qml/logic/Shutter.qml)
2021-01-25 01:12:20.311 main - qml_error: file:///home/dell/SHPI/qml/logic/Shutter.qml:156: TypeError: Cannot read property 'loaded_instances' of null (file:///home/dell/SHPI/qml/logic/Shutter.qml:156, file:///home/dell/SHPI/qml/logic/Shutter.qml)
2021-01-25 01:12:20.312 main - qml_error: file:///home/dell/SHPI/qml/logic/Thermostat.qml:98: TypeError: Cannot read property 'loaded_instances' of null (file:///home/dell/SHPI/qml/logic/Thermostat.qml:98, file:///home/dell/SHPI/qml/logic/Thermostat.qml)
2021-01-25 01:12:20.312 main - qml_error: file:///home/dell/SHPI/qml/logic/Thermostat.qml:15: TypeError: Cannot read property 'modules' of null (file:///home/dell/SHPI/qml/logic/Thermostat.qml:15, file:///home/dell/SHPI/qml/logic/Thermostat.qml)
2021-01-25 01:12:20.312 main - qml_error: file:///home/dell/SHPI/qml/logic/Thermostat.qml:69: TypeError: Cannot read property 'loaded_instances' of null (file:///home/dell/SHPI/qml/logic/Thermostat.qml:69, file:///home/dell/SHPI/qml/logic/Thermostat.qml)
2021-01-25 01:12:20.312 main - qml_error: file:///home/dell/SHPI/qml/thermostat/Thermostat.qml:10: TypeError: Cannot read property 'modules' of null (file:///home/dell/SHPI/qml/thermostat/Thermostat.qml:10, file:///home/dell/SHPI/qml/thermostat/Thermostat.qml)
2021-01-25 01:12:20.313 main - qml_error: file:///home/dell/SHPI/qml/thermostat/Thermostat.qml:207: TypeError: Cannot read property 'loaded_instances' of null (file:///home/dell/SHPI/qml/thermostat/Thermostat.qml:207, file:///home/dell/SHPI/qml/thermostat/Thermostat.qml)
2021-01-25 01:12:20.314 main - qml_error: file:///home/dell/SHPI/qml/thermostat/Thermostat.qml:30: TypeError: Cannot read property 'modules' of null (file:///home/dell/SHPI/qml/thermostat/Thermostat.qml:30, file:///home/dell/SHPI/qml/thermostat/Thermostat.qml)
2021-01-25 01:12:20.314 main - qml_error: file:///home/dell/SHPI/qml/thermostat/ThermostatWeek.qml:161: TypeError: Cannot read property 'loaded_instances' of null (file:///home/dell/SHPI/qml/thermostat/ThermostatWeek.qml:161, file:///home/dell/SHPI/qml/thermostat/ThermostatWeek.qml)
2021-01-25 01:12:20.315 main - qml_error: file:///home/dell/SHPI/qml/thermostat/ThermostatWeek.qml:164: TypeError: Cannot read property 'loaded_instances' of null (file:///home/dell/SHPI/qml/thermostat/ThermostatWeek.qml:164, file:///home/dell/SHPI/qml/thermostat/ThermostatWeek.qml)
2021-01-25 01:12:20.315 main - qml_error: file:///home/dell/SHPI/qml/thermostat/ThermostatWeek.qml:161: TypeError: Cannot read property 'loaded_instances' of null (file:///home/dell/SHPI/qml/thermostat/ThermostatWeek.qml:161, file:///home/dell/SHPI/qml/thermostat/ThermostatWeek.qml)
2021-01-25 01:12:20.315 main - qml_error: file:///home/dell/SHPI/qml/thermostat/ThermostatWeek.qml:164: TypeError: Cannot read property 'loaded_instances' of null (file:///home/dell/SHPI/qml/thermostat/ThermostatWeek.qml:164, file:///home/dell/SHPI/qml/thermostat/ThermostatWeek.qml)
2021-01-25 01:12:20.315 main - qml_error: file:///home/dell/SHPI/qml/thermostat/ThermostatWeek.qml:161: TypeError: Cannot read property 'loaded_instances' of null (file:///home/dell/SHPI/qml/thermostat/ThermostatWeek.qml:161, file:///home/dell/SHPI/qml/thermostat/ThermostatWeek.qml)
2021-01-25 01:12:20.316 main - qml_error: file:///home/dell/SHPI/qml/thermostat/ThermostatWeek.qml:164: TypeError: Cannot read property 'loaded_instances' of null (file:///home/dell/SHPI/qml/thermostat/ThermostatWeek.qml:164, file:///home/dell/SHPI/qml/thermostat/ThermostatWeek.qml)
2021-01-25 01:12:20.316 main - qml_error: file:///home/dell/SHPI/qml/thermostat/ThermostatWeek.qml:161: TypeError: Cannot read property 'loaded_instances' of null (file:///home/dell/SHPI/qml/thermostat/ThermostatWeek.qml:161, file:///home/dell/SHPI/qml/thermostat/ThermostatWeek.qml)
2021-01-25 01:12:20.316 main - qml_error: file:///home/dell/SHPI/qml/thermostat/ThermostatWeek.qml:164: TypeError: Cannot read property 'loaded_instances' of null (file:///home/dell/SHPI/qml/thermostat/ThermostatWeek.qml:164, file:///home/dell/SHPI/qml/thermostat/ThermostatWeek.qml)
2021-01-25 01:12:20.316 main - qml_error: file:///home/dell/SHPI/qml/thermostat/ThermostatWeek.qml:161: TypeError: Cannot read property 'loaded_instances' of null (file:///home/dell/SHPI/qml/thermostat/ThermostatWeek.qml:161, file:///home/dell/SHPI/qml/thermostat/ThermostatWeek.qml)
2021-01-25 01:12:20.316 main - qml_error: file:///home/dell/SHPI/qml/thermostat/ThermostatWeek.qml:164: TypeError: Cannot read property 'loaded_instances' of null (file:///home/dell/SHPI/qml/thermostat/ThermostatWeek.qml:164, file:///home/dell/SHPI/qml/thermostat/ThermostatWeek.qml)
2021-01-25 01:12:20.316 main - qml_error: file:///home/dell/SHPI/qml/thermostat/ThermostatWeek.qml:161: TypeError: Cannot read property 'loaded_instances' of null (file:///home/dell/SHPI/qml/thermostat/ThermostatWeek.qml:161, file:///home/dell/SHPI/qml/thermostat/ThermostatWeek.qml)
2021-01-25 01:12:20.316 main - qml_error: file:///home/dell/SHPI/qml/thermostat/ThermostatWeek.qml:164: TypeError: Cannot read property 'loaded_instances' of null (file:///home/dell/SHPI/qml/thermostat/ThermostatWeek.qml:164, file:///home/dell/SHPI/qml/thermostat/ThermostatWeek.qml)
2021-01-25 01:12:20.317 main - qml_error: file:///home/dell/SHPI/qml/thermostat/ThermostatWeek.qml:161: TypeError: Cannot read property 'loaded_instances' of null (file:///home/dell/SHPI/qml/thermostat/ThermostatWeek.qml:161, file:///home/dell/SHPI/qml/thermostat/ThermostatWeek.qml)
2021-01-25 01:12:20.317 main - qml_error: file:///home/dell/SHPI/qml/thermostat/ThermostatWeek.qml:164: TypeError: Cannot read property 'loaded_instances' of null (file:///home/dell/SHPI/qml/thermostat/ThermostatWeek.qml:164, file:///home/dell/SHPI/qml/thermostat/ThermostatWeek.qml)
2021-01-25 01:12:20.317 main - qml_error: file:///home/dell/SHPI/qml/weather/WeatherFull.qml:91: TypeError: Cannot read property 'modules' of null (file:///home/dell/SHPI/qml/weather/WeatherFull.qml:91, file:///home/dell/SHPI/qml/weather/WeatherFull.qml)
2021-01-25 01:12:20.317 main - qml_error: file:///home/dell/SHPI/qml/weather/WeatherDays.qml:87: TypeError: Cannot read property 'loaded_instances' of null (file:///home/dell/SHPI/qml/weather/WeatherDays.qml:87, file:///home/dell/SHPI/qml/weather/WeatherDays.qml)
2021-01-25 01:12:20.317 main - qml_error: file:///home/dell/SHPI/qml/weather/WeatherDays.qml:68: TypeError: Cannot read property 'loaded_instances' of null (file:///home/dell/SHPI/qml/weather/WeatherDays.qml:68, file:///home/dell/SHPI/qml/weather/WeatherDays.qml)
2021-01-25 01:12:20.317 main - qml_error: file:///home/dell/SHPI/qml/weather/WeatherDays.qml:52: TypeError: Cannot read property 'modules' of null (file:///home/dell/SHPI/qml/weather/WeatherDays.qml:52, file:///home/dell/SHPI/qml/weather/WeatherDays.qml)
2021-01-25 01:12:20.317 main - qml_error: file:///home/dell/SHPI/qml/weather/WeatherDays.qml:8: TypeError: Cannot read property 'modules' of null (file:///home/dell/SHPI/qml/weather/WeatherDays.qml:8, file:///home/dell/SHPI/qml/weather/WeatherDays.qml)
2021-01-25 01:12:20.318 main - qml_error: file:///home/dell/SHPI/qml/weather/WeatherGraph.qml:192: TypeError: Cannot read property 'loaded_instances' of null (file:///home/dell/SHPI/qml/weather/WeatherGraph.qml:192, file:///home/dell/SHPI/qml/weather/WeatherGraph.qml)
2021-01-25 01:12:20.318 main - qml_error: file:///home/dell/SHPI/qml/Room.qml:14: TypeError: Cannot read property 'rooms' of null (file:///home/dell/SHPI/qml/Room.qml:14, file:///home/dell/SHPI/qml/Room.qml)
2021-01-25 01:12:20.318 main - qml_error: file:///home/dell/SHPI/qml/info/Weather.qml:50: TypeError: Cannot read property 'loaded_instances' of null (file:///home/dell/SHPI/qml/info/Weather.qml:50, file:///home/dell/SHPI/qml/info/Weather.qml)
2021-01-25 01:12:20.318 main - qml_error: file:///home/dell/SHPI/qml/hardware/WifiSettings.qml:47: TypeError: Cannot read property 'networks' of null (file:///home/dell/SHPI/qml/hardware/WifiSettings.qml:47, file:///home/dell/SHPI/qml/hardware/WifiSettings.qml)
2021-01-25 01:12:20.318 main - qml_error: file:///home/dell/SHPI/qml/hardware/WifiSettings.qml:14: TypeError: Cannot read property 'devices' of null (file:///home/dell/SHPI/qml/hardware/WifiSettings.qml:14, file:///home/dell/SHPI/qml/hardware/WifiSettings.qml)
2021-01-25 01:12:20.318 main - qml_error: file:///home/dell/SHPI/qml/info/Weather.qml:10: TypeError: Cannot read property 'data' of null (file:///home/dell/SHPI/qml/info/Weather.qml:10, file:///home/dell/SHPI/qml/info/Weather.qml)
2021-01-25 01:12:20.319 main - qml_error: file:///home/dell/SHPI/qml/info/Weather.qml:11: TypeError: Cannot read property 'data' of null (file:///home/dell/SHPI/qml/info/Weather.qml:11, file:///home/dell/SHPI/qml/info/Weather.qml)
2021-01-25 01:12:20.319 main - qml_error: file:///home/dell/SHPI/qml/info/Weather.qml:12: TypeError: Cannot read property 'data' of null (file:///home/dell/SHPI/qml/info/Weather.qml:12, file:///home/dell/SHPI/qml/info/Weather.qml)
